{"C:\\Users\\tinal\\Projetos\\react-android-moderno\\00-SmokeTest\\calc.js": {"path":"C:\\Users\\tinal\\Projetos\\react-android-moderno\\00-SmokeTest\\calc.js","statementMap":{"0":{"start":{"line":15,"column":2},"end":{"line":15,"column":15}},"1":{"start":{"line":25,"column":2},"end":{"line":25,"column":15}},"2":{"start":{"line":28,"column":0},"end":{"line":28,"column":30}}},"fnMap":{"0":{"name":"sum","decl":{"start":{"line":14,"column":9},"end":{"line":14,"column":12}},"loc":{"start":{"line":14,"column":19},"end":{"line":16,"column":1}},"line":14},"1":{"name":"sub","decl":{"start":{"line":24,"column":9},"end":{"line":24,"column":12}},"loc":{"start":{"line":24,"column":19},"end":{"line":26,"column":1}},"line":24}},"branchMap":{},"s":{"0":1,"1":1,"2":1},"f":{"0":1,"1":1},"b":{},"_coverageSchema":"1a1c01bbd47fc00a2c39e90264f33305004495a9","hash":"61c55df2e1fe7a46bb4c2e78689c98fc195f1be0"}
}
